<?xml version="1.0" encoding="UTF-8"?>
<!-- Generated by org.testng.reporters.JUnitReportReporter -->
<testsuite hostname="Sreekanth" failures="0" tests="1" name="javapractice.javaLogic" time="0.020" errors="0" timestamp="2020-01-04T17:38:05 IST" skipped="0">
  <testcase classname="javapractice.javaLogic" name="main" time="0.020"/>
</testsuite> <!-- javapractice.javaLogic -->
