<?xml version="1.0" encoding="UTF-8"?>
<!-- Generated by org.testng.reporters.JUnitReportReporter -->
<testsuite hostname="Sreekanth" failures="0" tests="2" name="testng.Cofigurations" time="0.007" errors="0" timestamp="2020-02-12T13:01:21 IST" skipped="0">
  <testcase classname="testng.Cofigurations" name="before_method6" time="0.004"/>
  <testcase classname="testng.Cofigurations" name="after_method7" time="0.003"/>
</testsuite> <!-- testng.Cofigurations -->
