<?xml version="1.0" encoding="UTF-8"?>
<!-- Generated by org.testng.reporters.JUnitReportReporter -->
<testsuite hostname="Sreekanth" failures="0" tests="1" name="String_Methods.Chech_The_Given_String_IsIn_Clockwise_Direction" time="0.020" errors="0" timestamp="2020-03-24T12:35:03 IST" skipped="0">
  <testcase classname="String_Methods.Chech_The_Given_String_IsIn_Clockwise_Direction" name="givenstring_is_inorder" time="0.020"/>
</testsuite> <!-- String_Methods.Chech_The_Given_String_IsIn_Clockwise_Direction -->
