<?xml version="1.0" encoding="UTF-8"?>
<!-- Generated by org.testng.reporters.JUnitReportReporter -->
<testsuite hostname="Sreekanth" failures="0" tests="1" name="ExceptionHandling.Class1" time="23.678" errors="0" timestamp="2020-03-07T10:30:15 IST" skipped="0">
  <testcase classname="ExceptionHandling.Class1" name="trycatch" time="23.678"/>
</testsuite> <!-- ExceptionHandling.Class1 -->
