<?xml version="1.0" encoding="UTF-8"?>
<!-- Generated by org.testng.reporters.JUnitReportReporter -->
<testsuite hostname="Sreekanth" failures="0" tests="1" name="javapractice.StringLogics" time="0.022" errors="0" timestamp="2020-09-20T11:12:47 IST" skipped="0">
  <testcase classname="javapractice.StringLogics" name="repeatedchars_in_String" time="0.022"/>
</testsuite> <!-- javapractice.StringLogics -->
