<?xml version="1.0" encoding="UTF-8"?>
<!-- Generated by org.testng.reporters.JUnitReportReporter -->
<testsuite hostname="Sreekanth" failures="0" tests="1" name="javapractice.Myclass" time="0.025" errors="0" timestamp="2020-01-04T16:40:01 IST" skipped="0">
  <testcase classname="javapractice.Myclass" name="array" time="0.025"/>
</testsuite> <!-- javapractice.Myclass -->
