<?xml version="1.0" encoding="UTF-8"?>
<!-- Generated by org.testng.reporters.JUnitReportReporter -->
<testsuite hostname="Sreekanth" failures="0" tests="1" name="seleniumpractice.CssSelector" time="267.331" errors="0" timestamp="2020-02-24T10:07:43 IST" skipped="0">
  <testcase classname="seleniumpractice.CssSelector" name="css" time="267.331"/>
</testsuite> <!-- seleniumpractice.CssSelector -->
