<?xml version="1.0" encoding="UTF-8"?>
<!-- Generated by org.testng.reporters.JUnitReportReporter -->
<testsuite hostname="Sreekanth" failures="0" tests="1" name="String_Methods.GettingMaxNumber" time="0.017" errors="0" timestamp="2020-03-01T11:50:30 IST" skipped="0">
  <testcase classname="String_Methods.GettingMaxNumber" name="second_highest" time="0.017"/>
</testsuite> <!-- String_Methods.GettingMaxNumber -->
