<?xml version="1.0" encoding="UTF-8"?>
<!-- Generated by org.testng.reporters.JUnitReportReporter -->
<testsuite hostname="Sreekanth" failures="0" tests="6" name="testng.Testclass4" time="0.031" errors="0" timestamp="2020-02-13T12:01:32 IST" skipped="0">
  <testcase classname="testng.Testclass4" name="method3" time="0.006"/>
  <testcase classname="testng.Testclass4" name="method6" time="0.002"/>
  <testcase classname="testng.Testclass4" name="method2" time="0.003"/>
  <testcase classname="testng.Testclass4" name="method4" time="0.002"/>
  <testcase classname="testng.Testclass4" name="method5" time="0.001"/>
  <testcase classname="testng.Testclass4" name="method1" time="0.017"/>
</testsuite> <!-- testng.Testclass4 -->
