<?xml version="1.0" encoding="UTF-8"?>
<!-- Generated by org.testng.reporters.JUnitReportReporter -->
<testsuite hostname="Sreekanth" failures="0" tests="1" name="javapractice.Pattern" time="0.015" errors="0" timestamp="2020-03-01T12:31:38 IST" skipped="0">
  <testcase classname="javapractice.Pattern" name="pattern6" time="0.015"/>
</testsuite> <!-- javapractice.Pattern -->
