<?xml version="1.0" encoding="UTF-8"?>
<!-- Generated by org.testng.reporters.JUnitReportReporter -->
<testsuite hostname="Sreekanth" failures="0" tests="1" name="seleniumpractice.ActoinsClass" time="35.935" errors="0" timestamp="2020-06-01T10:29:51 IST" skipped="0">
  <testcase classname="seleniumpractice.ActoinsClass" name="actions" time="35.935"/>
</testsuite> <!-- seleniumpractice.ActoinsClass -->
