<?xml version="1.0" encoding="UTF-8"?>
<!-- Generated by org.testng.reporters.JUnitReportReporter -->
<testsuite hostname="Sreekanth" failures="0" tests="1" name="javapractice.TypeCasting" time="0.017" errors="0" timestamp="2020-03-05T20:46:51 IST" skipped="0">
  <testcase classname="javapractice.TypeCasting" name="string" time="0.017"/>
</testsuite> <!-- javapractice.TypeCasting -->
