<?xml version="1.0" encoding="UTF-8"?>
<!-- Generated by org.testng.reporters.JUnitReportReporter -->
<testsuite hostname="Sreekanth" failures="0" tests="1" name="String_Methods.Length_ofstring_without_lengthmethod" time="0.018" errors="0" timestamp="2020-03-07T13:13:00 IST" skipped="0">
  <testcase classname="String_Methods.Length_ofstring_without_lengthmethod" name="string_length" time="0.018"/>
</testsuite> <!-- String_Methods.Length_ofstring_without_lengthmethod -->
