<?xml version="1.0" encoding="UTF-8"?>
<!-- Generated by org.testng.reporters.JUnitReportReporter -->
<testsuite hostname="Sreekanth" failures="0" tests="1" name="chromeoptions.ChromeOption" time="27.247" errors="0" timestamp="2020-03-10T19:43:03 IST" skipped="0">
  <testcase classname="chromeoptions.ChromeOption" name="test_method" time="27.247"/>
</testsuite> <!-- chromeoptions.ChromeOption -->
