<?xml version="1.0" encoding="UTF-8"?>
<!-- Generated by org.testng.reporters.JUnitReportReporter -->
<testsuite hostname="Sreekanth" failures="0" tests="1" name="actions.Example1" time="10.091" errors="0" timestamp="2020-05-31T14:29:16 IST" skipped="0">
  <testcase classname="actions.Example1" name="actionsclass" time="10.091"/>
</testsuite> <!-- actions.Example1 -->
