<?xml version="1.0" encoding="UTF-8"?>
<!-- Generated by org.testng.reporters.JUnitReportReporter -->
<testsuite hostname="Sreekanth" failures="0" tests="1" name="javapractice.interviewprograms" time="0.035" errors="0" timestamp="2020-09-10T12:13:45 IST" skipped="0">
  <testcase classname="javapractice.interviewprograms" name="counting_noof_words_inastring_using_hashmap" time="0.035"/>
</testsuite> <!-- javapractice.interviewprograms -->
