<?xml version="1.0" encoding="UTF-8"?>
<!-- Generated by org.testng.reporters.JUnitReportReporter -->
<testsuite hostname="Sreekanth" failures="0" tests="1" name="javapractice.ExcelUtil" time="1.497" errors="0" timestamp="2019-12-20T10:29:02 IST" skipped="0">
  <testcase classname="javapractice.ExcelUtil" name="exceldata" time="1.497"/>
</testsuite> <!-- javapractice.ExcelUtil -->
