<?xml version="1.0" encoding="UTF-8"?>
<!-- Generated by org.testng.reporters.JUnitReportReporter -->
<testsuite hostname="Sreekanth" failures="0" tests="1" name="javapractice.SelectionsClass" time="8.871" errors="0" timestamp="2019-12-17T20:31:31 IST" skipped="0">
  <testcase classname="javapractice.SelectionsClass" name="listboxselections" time="8.871"/>
</testsuite> <!-- javapractice.SelectionsClass -->
