<?xml version="1.0" encoding="UTF-8"?>
<!-- Generated by org.testng.reporters.JUnitReportReporter -->
<testsuite hostname="Sreekanth" failures="0" tests="1" name="seleniumpractice.SeleniumInterview" time="12.240" errors="0" timestamp="2020-06-01T11:34:22 IST" skipped="0">
  <testcase classname="seleniumpractice.SeleniumInterview" name="placeHolder" time="12.240"/>
</testsuite> <!-- seleniumpractice.SeleniumInterview -->
