<?xml version="1.0" encoding="UTF-8"?>
<!-- Generated by org.testng.reporters.JUnitReportReporter -->
<testsuite hostname="Sreekanth" failures="0" tests="1" name="javapractice.Debugging" time="0.963" errors="0" timestamp="2020-06-06T15:51:50 IST" skipped="0">
  <testcase classname="javapractice.Debugging" name="difference" time="0.963"/>
</testsuite> <!-- javapractice.Debugging -->
