<?xml version="1.0" encoding="UTF-8"?>
<!-- Generated by org.testng.reporters.JUnitReportReporter -->
<testsuite hostname="Sreekanth" failures="0" tests="1" name="seleniumpractice.Frame" time="50.192" errors="0" timestamp="2019-12-28T12:21:42 IST" skipped="0">
  <testcase classname="seleniumpractice.Frame" name="switchToFrame" time="50.192"/>
</testsuite> <!-- seleniumpractice.Frame -->
