<?xml version="1.0" encoding="UTF-8"?>
<!-- Generated by org.testng.reporters.JUnitReportReporter -->
<testsuite hostname="Sreekanth" failures="0" tests="1" name="samplepriject.SmokeTest" time="12.299" errors="0" timestamp="2019-12-14T12:25:15 IST" skipped="0">
  <testcase classname="samplepriject.SmokeTest" name="testmethod" time="12.299"/>
</testsuite> <!-- samplepriject.SmokeTest -->
