<?xml version="1.0" encoding="UTF-8"?>
<!-- Generated by org.testng.reporters.JUnitReportReporter -->
<testsuite hostname="Sreekanth" failures="0" tests="1" name="task.Logic" time="0.025" errors="0" timestamp="2020-09-20T12:17:27 IST" skipped="0">
  <testcase classname="task.Logic" name="removing_twoadjacent_chars" time="0.025"/>
</testsuite> <!-- task.Logic -->
