<?xml version="1.0" encoding="UTF-8"?>
<!-- Generated by org.testng.reporters.JUnitReportReporter -->
<testsuite hostname="Sreekanth" failures="0" tests="3" name="String_Methods.Patterns" time="0.050" errors="0" timestamp="2020-10-07T15:19:14 IST" skipped="0">
  <testcase classname="String_Methods.Patterns" name="printing_p" time="0.013"/>
  <testcase classname="String_Methods.Patterns" name="printing_x" time="0.000"/>
  <testcase classname="String_Methods.Patterns" name="printin_rightangle_triangle" time="0.037"/>
</testsuite> <!-- String_Methods.Patterns -->
