<?xml version="1.0" encoding="UTF-8"?>
<!-- Generated by org.testng.reporters.JUnitReportReporter -->
<testsuite hostname="Sreekanth" failures="0" tests="3" name="testng.Testclass3" time="0.020" errors="0" timestamp="2020-02-12T15:58:52 IST" skipped="0">
  <testcase classname="testng.Testclass3" name="method12" time="0.017"/>
  <testcase classname="testng.Testclass3" name="method9" time="0.001"/>
  <testcase classname="testng.Testclass3" name="method7" time="0.002"/>
</testsuite> <!-- testng.Testclass3 -->
