<?xml version="1.0" encoding="UTF-8"?>
<!-- Generated by org.testng.reporters.JUnitReportReporter -->
<testsuite hostname="Sreekanth" failures="0" tests="1" name="javapractice.Testclass" time="0.032" errors="0" timestamp="2020-03-04T10:07:14 IST" skipped="0">
  <testcase classname="javapractice.Testclass" name="testmethod" time="0.032"/>
</testsuite> <!-- javapractice.Testclass -->
