<?xml version="1.0" encoding="UTF-8"?>
<!-- Generated by org.testng.reporters.JUnitReportReporter -->
<testsuite hostname="Sreekanth" failures="0" tests="1" name="String_Methods.Anagram" time="0.026" errors="0" timestamp="2020-03-07T12:51:53 IST" skipped="0">
  <testcase classname="String_Methods.Anagram" name="anagram" time="0.026"/>
</testsuite> <!-- String_Methods.Anagram -->
