<?xml version="1.0" encoding="UTF-8"?>
<!-- Generated by org.testng.reporters.JUnitReportReporter -->
<testsuite hostname="Sreekanth" failures="0" tests="1" name="String_Methods.Perfect_number_And_Armstrongnumber" time="0.025" errors="0" timestamp="2020-03-17T12:49:26 IST" skipped="0">
  <testcase classname="String_Methods.Perfect_number_And_Armstrongnumber" name="string_array_to_int" time="0.025"/>
</testsuite> <!-- String_Methods.Perfect_number_And_Armstrongnumber -->
