<?xml version="1.0" encoding="UTF-8"?>
<!-- Generated by org.testng.reporters.JUnitReportReporter -->
<testsuite hostname="Sreekanth" failures="0" tests="1" name="collections.List" time="0.013" errors="0" timestamp="2020-02-16T15:57:00 IST" skipped="0">
  <testcase classname="collections.List" name="arraylist" time="0.013"/>
</testsuite> <!-- collections.List -->
